[1.009s] Invoking command in '/home/yusuf/tcp/src/tcp_package': PYTHONPATH=/home/yusuf/tcp/build/tcp_package/prefix_override:/home/yusuf/tcp/install/tcp_package/lib/python3.10/site-packages:${PYTHONPATH} /usr/bin/python3 -W ignore:setup.py install is deprecated setup.py egg_info --egg-base ../../build/tcp_package build --build-base /home/yusuf/tcp/build/tcp_package/build install --record /home/yusuf/tcp/build/tcp_package/install.log --single-version-externally-managed install_data
[1.409s] running egg_info
[1.410s] writing ../../build/tcp_package/tcp_package.egg-info/PKG-INFO
[1.410s] writing dependency_links to ../../build/tcp_package/tcp_package.egg-info/dependency_links.txt
[1.410s] writing entry points to ../../build/tcp_package/tcp_package.egg-info/entry_points.txt
[1.410s] writing requirements to ../../build/tcp_package/tcp_package.egg-info/requires.txt
[1.411s] writing top-level names to ../../build/tcp_package/tcp_package.egg-info/top_level.txt
[1.413s] reading manifest file '../../build/tcp_package/tcp_package.egg-info/SOURCES.txt'
[1.413s] writing manifest file '../../build/tcp_package/tcp_package.egg-info/SOURCES.txt'
[1.413s] running build
[1.413s] running build_py
[1.414s] copying tcp_package/tcp_deneme2.py -> /home/yusuf/tcp/build/tcp_package/build/lib/tcp_package
[1.414s] running install
[1.414s] running install_lib
[1.415s] copying /home/yusuf/tcp/build/tcp_package/build/lib/tcp_package/tcp_deneme2.py -> /home/yusuf/tcp/install/tcp_package/lib/python3.10/site-packages/tcp_package
[1.417s] byte-compiling /home/yusuf/tcp/install/tcp_package/lib/python3.10/site-packages/tcp_package/tcp_deneme2.py to tcp_deneme2.cpython-310.pyc
[1.423s] running install_data
[1.424s] running install_egg_info
[1.431s] removing '/home/yusuf/tcp/install/tcp_package/lib/python3.10/site-packages/tcp_package-0.0.0-py3.10.egg-info' (and everything under it)
[1.432s] Copying ../../build/tcp_package/tcp_package.egg-info to /home/yusuf/tcp/install/tcp_package/lib/python3.10/site-packages/tcp_package-0.0.0-py3.10.egg-info
[1.433s] running install_scripts
[1.461s] Installing tcp_node script to /home/yusuf/tcp/install/tcp_package/lib/tcp_package
[1.462s] Installing tcp_try script to /home/yusuf/tcp/install/tcp_package/lib/tcp_package
[1.463s] Installing tcp_try2 script to /home/yusuf/tcp/install/tcp_package/lib/tcp_package
[1.464s] writing list of installed files to '/home/yusuf/tcp/build/tcp_package/install.log'
[1.513s] Invoked command in '/home/yusuf/tcp/src/tcp_package' returned '0': PYTHONPATH=/home/yusuf/tcp/build/tcp_package/prefix_override:/home/yusuf/tcp/install/tcp_package/lib/python3.10/site-packages:${PYTHONPATH} /usr/bin/python3 -W ignore:setup.py install is deprecated setup.py egg_info --egg-base ../../build/tcp_package build --build-base /home/yusuf/tcp/build/tcp_package/build install --record /home/yusuf/tcp/build/tcp_package/install.log --single-version-externally-managed install_data
