[0.246s] DEBUG:colcon:Command line arguments: ['/usr/bin/colcon', 'list', '-p', '--base-paths', '/home/yusuf/tcp']
[0.246s] DEBUG:colcon:Parsed command line arguments: Namespace(log_base=None, log_level=None, verb_name='list', build_base='build', ignore_user_meta=False, metas=['./colcon.meta'], base_paths=['/home/yusuf/tcp'], packages_ignore=None, packages_ignore_regex=None, paths=None, packages_up_to=None, packages_up_to_regex=None, packages_above=None, packages_above_and_dependencies=None, packages_above_depth=None, packages_select_by_dep=None, packages_skip_by_dep=None, packages_skip_up_to=None, packages_select_build_failed=False, packages_skip_build_finished=False, packages_select_test_failures=False, packages_skip_test_passed=False, packages_select=None, packages_skip=None, packages_select_regex=None, packages_skip_regex=None, packages_start=None, packages_end=None, allow_overriding=[], topological_order=False, names_only=False, paths_only=True, topological_graph=False, topological_graph_dot=False, topological_graph_density=False, topological_graph_legend=False, topological_graph_dot_cluster=False, topological_graph_dot_include_skipped=False, verb_parser=<colcon_defaults.argument_parser.defaults.DefaultArgumentsDecorator object at 0x71a7819a17b0>, verb_extension=<colcon_package_information.verb.list.ListVerb object at 0x71a7819a0790>, main=<bound method ListVerb.main of <colcon_package_information.verb.list.ListVerb object at 0x71a7819a0790>>)
[0.688s] Level 1:colcon.colcon_core.package_discovery:discover_packages(colcon_meta) check parameters
[0.689s] Level 1:colcon.colcon_core.package_discovery:discover_packages(recursive) check parameters
[0.689s] Level 1:colcon.colcon_core.package_discovery:discover_packages(ignore) check parameters
[0.690s] Level 1:colcon.colcon_core.package_discovery:discover_packages(path) check parameters
[0.690s] Level 1:colcon.colcon_core.package_discovery:discover_packages(recursive) discover
[0.690s] INFO:colcon.colcon_core.package_discovery:Crawling recursively for packages in '/home/yusuf/tcp'
[0.691s] Level 1:colcon.colcon_core.package_identification:_identify(/home/yusuf/tcp) by extensions ['ignore', 'ignore_ament_install']
[0.692s] Level 1:colcon.colcon_core.package_identification:_identify(/home/yusuf/tcp) by extension 'ignore'
[0.692s] Level 1:colcon.colcon_core.package_identification:_identify(/home/yusuf/tcp) by extension 'ignore_ament_install'
[0.693s] Level 1:colcon.colcon_core.package_identification:_identify(/home/yusuf/tcp) by extensions ['colcon_pkg']
[0.693s] Level 1:colcon.colcon_core.package_identification:_identify(/home/yusuf/tcp) by extension 'colcon_pkg'
[0.693s] Level 1:colcon.colcon_core.package_identification:_identify(/home/yusuf/tcp) by extensions ['colcon_meta']
[0.693s] Level 1:colcon.colcon_core.package_identification:_identify(/home/yusuf/tcp) by extension 'colcon_meta'
[0.694s] Level 1:colcon.colcon_core.package_identification:_identify(/home/yusuf/tcp) by extensions ['ros']
[0.694s] Level 1:colcon.colcon_core.package_identification:_identify(/home/yusuf/tcp) by extension 'ros'
[0.728s] Level 1:colcon.colcon_core.package_identification:_identify(/home/yusuf/tcp) by extensions ['cmake', 'python']
[0.728s] Level 1:colcon.colcon_core.package_identification:_identify(/home/yusuf/tcp) by extension 'cmake'
[0.729s] Level 1:colcon.colcon_core.package_identification:_identify(/home/yusuf/tcp) by extension 'python'
[0.729s] Level 1:colcon.colcon_core.package_identification:_identify(/home/yusuf/tcp) by extensions ['python_setup_py']
[0.730s] Level 1:colcon.colcon_core.package_identification:_identify(/home/yusuf/tcp) by extension 'python_setup_py'
[0.730s] Level 1:colcon.colcon_core.package_identification:_identify(/home/yusuf/tcp/build) by extensions ['ignore', 'ignore_ament_install']
[0.731s] Level 1:colcon.colcon_core.package_identification:_identify(/home/yusuf/tcp/build) by extension 'ignore'
[0.731s] Level 1:colcon.colcon_core.package_identification:_identify(/home/yusuf/tcp/build) ignored
[0.732s] Level 1:colcon.colcon_core.package_identification:_identify(/home/yusuf/tcp/install) by extensions ['ignore', 'ignore_ament_install']
[0.732s] Level 1:colcon.colcon_core.package_identification:_identify(/home/yusuf/tcp/install) by extension 'ignore'
[0.733s] Level 1:colcon.colcon_core.package_identification:_identify(/home/yusuf/tcp/install) ignored
[0.733s] Level 1:colcon.colcon_core.package_identification:_identify(/home/yusuf/tcp/log) by extensions ['ignore', 'ignore_ament_install']
[0.734s] Level 1:colcon.colcon_core.package_identification:_identify(/home/yusuf/tcp/log) by extension 'ignore'
[0.735s] Level 1:colcon.colcon_core.package_identification:_identify(/home/yusuf/tcp/log) ignored
[0.736s] Level 1:colcon.colcon_core.package_identification:_identify(/home/yusuf/tcp/src) by extensions ['ignore', 'ignore_ament_install']
[0.736s] Level 1:colcon.colcon_core.package_identification:_identify(/home/yusuf/tcp/src) by extension 'ignore'
[0.737s] Level 1:colcon.colcon_core.package_identification:_identify(/home/yusuf/tcp/src) by extension 'ignore_ament_install'
[0.737s] Level 1:colcon.colcon_core.package_identification:_identify(/home/yusuf/tcp/src) by extensions ['colcon_pkg']
[0.738s] Level 1:colcon.colcon_core.package_identification:_identify(/home/yusuf/tcp/src) by extension 'colcon_pkg'
[0.738s] Level 1:colcon.colcon_core.package_identification:_identify(/home/yusuf/tcp/src) by extensions ['colcon_meta']
[0.738s] Level 1:colcon.colcon_core.package_identification:_identify(/home/yusuf/tcp/src) by extension 'colcon_meta'
[0.739s] Level 1:colcon.colcon_core.package_identification:_identify(/home/yusuf/tcp/src) by extensions ['ros']
[0.739s] Level 1:colcon.colcon_core.package_identification:_identify(/home/yusuf/tcp/src) by extension 'ros'
[0.740s] Level 1:colcon.colcon_core.package_identification:_identify(/home/yusuf/tcp/src) by extensions ['cmake', 'python']
[0.740s] Level 1:colcon.colcon_core.package_identification:_identify(/home/yusuf/tcp/src) by extension 'cmake'
[0.741s] Level 1:colcon.colcon_core.package_identification:_identify(/home/yusuf/tcp/src) by extension 'python'
[0.741s] Level 1:colcon.colcon_core.package_identification:_identify(/home/yusuf/tcp/src) by extensions ['python_setup_py']
[0.741s] Level 1:colcon.colcon_core.package_identification:_identify(/home/yusuf/tcp/src) by extension 'python_setup_py'
[0.742s] Level 1:colcon.colcon_core.package_identification:_identify(/home/yusuf/tcp/src/tcp_package) by extensions ['ignore', 'ignore_ament_install']
[0.743s] Level 1:colcon.colcon_core.package_identification:_identify(/home/yusuf/tcp/src/tcp_package) by extension 'ignore'
[0.743s] Level 1:colcon.colcon_core.package_identification:_identify(/home/yusuf/tcp/src/tcp_package) by extension 'ignore_ament_install'
[0.744s] Level 1:colcon.colcon_core.package_identification:_identify(/home/yusuf/tcp/src/tcp_package) by extensions ['colcon_pkg']
[0.744s] Level 1:colcon.colcon_core.package_identification:_identify(/home/yusuf/tcp/src/tcp_package) by extension 'colcon_pkg'
[0.745s] Level 1:colcon.colcon_core.package_identification:_identify(/home/yusuf/tcp/src/tcp_package) by extensions ['colcon_meta']
[0.745s] Level 1:colcon.colcon_core.package_identification:_identify(/home/yusuf/tcp/src/tcp_package) by extension 'colcon_meta'
[0.745s] Level 1:colcon.colcon_core.package_identification:_identify(/home/yusuf/tcp/src/tcp_package) by extensions ['ros']
[0.746s] Level 1:colcon.colcon_core.package_identification:_identify(/home/yusuf/tcp/src/tcp_package) by extension 'ros'
[0.752s] DEBUG:colcon.colcon_core.package_identification:Package '/home/yusuf/tcp/src/tcp_package' with type 'ros.ament_python' and name 'tcp_package'
[0.753s] Level 1:colcon.colcon_core.package_discovery:discover_packages(recursive) using defaults
