[2.544s] Invoking command in '/home/yusuf/tcp/src/tcp_package': PYTHONPATH=/home/yusuf/tcp/build/tcp_package/prefix_override:/home/yusuf/tcp/install/tcp_package/lib/python3.10/site-packages:${PYTHONPATH} /usr/bin/python3 -W ignore:setup.py install is deprecated setup.py egg_info --egg-base ../../build/tcp_package build --build-base /home/yusuf/tcp/build/tcp_package/build install --record /home/yusuf/tcp/build/tcp_package/install.log --single-version-externally-managed install_data
[3.302s] running egg_info
[3.306s] writing ../../build/tcp_package/tcp_package.egg-info/PKG-INFO
[3.307s] writing dependency_links to ../../build/tcp_package/tcp_package.egg-info/dependency_links.txt
[3.308s] writing entry points to ../../build/tcp_package/tcp_package.egg-info/entry_points.txt
[3.308s] writing requirements to ../../build/tcp_package/tcp_package.egg-info/requires.txt
[3.308s] writing top-level names to ../../build/tcp_package/tcp_package.egg-info/top_level.txt
[3.311s] reading manifest file '../../build/tcp_package/tcp_package.egg-info/SOURCES.txt'
[3.317s] writing manifest file '../../build/tcp_package/tcp_package.egg-info/SOURCES.txt'
[3.317s] running build
[3.317s] running build_py
[3.317s] copying tcp_package/tcp_deneme2.py -> /home/yusuf/tcp/build/tcp_package/build/lib/tcp_package
[3.318s] running install
[3.319s] running install_lib
[3.320s] copying /home/yusuf/tcp/build/tcp_package/build/lib/tcp_package/tcp_deneme2.py -> /home/yusuf/tcp/install/tcp_package/lib/python3.10/site-packages/tcp_package
[3.322s] byte-compiling /home/yusuf/tcp/install/tcp_package/lib/python3.10/site-packages/tcp_package/tcp_deneme2.py to tcp_deneme2.cpython-310.pyc
[3.323s] running install_data
[3.324s] running install_egg_info
[3.328s] removing '/home/yusuf/tcp/install/tcp_package/lib/python3.10/site-packages/tcp_package-0.0.0-py3.10.egg-info' (and everything under it)
[3.328s] Copying ../../build/tcp_package/tcp_package.egg-info to /home/yusuf/tcp/install/tcp_package/lib/python3.10/site-packages/tcp_package-0.0.0-py3.10.egg-info
[3.330s] running install_scripts
[3.388s] Installing tcp_node script to /home/yusuf/tcp/install/tcp_package/lib/tcp_package
[3.388s] Installing tcp_try script to /home/yusuf/tcp/install/tcp_package/lib/tcp_package
[3.388s] Installing tcp_try2 script to /home/yusuf/tcp/install/tcp_package/lib/tcp_package
[3.389s] writing list of installed files to '/home/yusuf/tcp/build/tcp_package/install.log'
[3.461s] Invoked command in '/home/yusuf/tcp/src/tcp_package' returned '0': PYTHONPATH=/home/yusuf/tcp/build/tcp_package/prefix_override:/home/yusuf/tcp/install/tcp_package/lib/python3.10/site-packages:${PYTHONPATH} /usr/bin/python3 -W ignore:setup.py install is deprecated setup.py egg_info --egg-base ../../build/tcp_package build --build-base /home/yusuf/tcp/build/tcp_package/build install --record /home/yusuf/tcp/build/tcp_package/install.log --single-version-externally-managed install_data
