[1.649s] Invoking command in '/home/yusuf/tcp/src/tcp_package': PYTHONPATH=/home/yusuf/tcp/build/tcp_package/prefix_override:/home/yusuf/tcp/install/tcp_package/lib/python3.10/site-packages:${PYTHONPATH} /usr/bin/python3 -W ignore:setup.py install is deprecated setup.py egg_info --egg-base ../../build/tcp_package build --build-base /home/yusuf/tcp/build/tcp_package/build install --record /home/yusuf/tcp/build/tcp_package/install.log --single-version-externally-managed install_data
[2.109s] running egg_info
[2.110s] writing ../../build/tcp_package/tcp_package.egg-info/PKG-INFO
[2.110s] writing dependency_links to ../../build/tcp_package/tcp_package.egg-info/dependency_links.txt
[2.111s] writing entry points to ../../build/tcp_package/tcp_package.egg-info/entry_points.txt
[2.111s] writing requirements to ../../build/tcp_package/tcp_package.egg-info/requires.txt
[2.111s] writing top-level names to ../../build/tcp_package/tcp_package.egg-info/top_level.txt
[2.113s] reading manifest file '../../build/tcp_package/tcp_package.egg-info/SOURCES.txt'
[2.114s] writing manifest file '../../build/tcp_package/tcp_package.egg-info/SOURCES.txt'
[2.114s] running build
[2.115s] running build_py
[2.115s] copying tcp_package/tcp_deneme2.py -> /home/yusuf/tcp/build/tcp_package/build/lib/tcp_package
[2.116s] running install
[2.117s] running install_lib
[2.118s] copying /home/yusuf/tcp/build/tcp_package/build/lib/tcp_package/tcp_deneme2.py -> /home/yusuf/tcp/install/tcp_package/lib/python3.10/site-packages/tcp_package
[2.119s] byte-compiling /home/yusuf/tcp/install/tcp_package/lib/python3.10/site-packages/tcp_package/tcp_deneme2.py to tcp_deneme2.cpython-310.pyc
[2.120s] running install_data
[2.120s] running install_egg_info
[2.137s] removing '/home/yusuf/tcp/install/tcp_package/lib/python3.10/site-packages/tcp_package-0.0.0-py3.10.egg-info' (and everything under it)
[2.138s] Copying ../../build/tcp_package/tcp_package.egg-info to /home/yusuf/tcp/install/tcp_package/lib/python3.10/site-packages/tcp_package-0.0.0-py3.10.egg-info
[2.142s] running install_scripts
[2.184s] Installing tcp_node script to /home/yusuf/tcp/install/tcp_package/lib/tcp_package
[2.185s] Installing tcp_try script to /home/yusuf/tcp/install/tcp_package/lib/tcp_package
[2.186s] Installing tcp_try2 script to /home/yusuf/tcp/install/tcp_package/lib/tcp_package
[2.187s] writing list of installed files to '/home/yusuf/tcp/build/tcp_package/install.log'
[2.276s] Invoked command in '/home/yusuf/tcp/src/tcp_package' returned '0': PYTHONPATH=/home/yusuf/tcp/build/tcp_package/prefix_override:/home/yusuf/tcp/install/tcp_package/lib/python3.10/site-packages:${PYTHONPATH} /usr/bin/python3 -W ignore:setup.py install is deprecated setup.py egg_info --egg-base ../../build/tcp_package build --build-base /home/yusuf/tcp/build/tcp_package/build install --record /home/yusuf/tcp/build/tcp_package/install.log --single-version-externally-managed install_data
