[0.622s] Invoking command in '/home/yusuf/tcp/src/tcp_package': PYTHONPATH=/home/yusuf/tcp/build/tcp_package/prefix_override:/home/yusuf/tcp/install/tcp_package/lib/python3.10/site-packages:${PYTHONPATH} /usr/bin/python3 -W ignore:setup.py install is deprecated setup.py egg_info --egg-base ../../build/tcp_package build --build-base /home/yusuf/tcp/build/tcp_package/build install --record /home/yusuf/tcp/build/tcp_package/install.log --single-version-externally-managed install_data
[0.824s] running egg_info
[0.825s] writing ../../build/tcp_package/tcp_package.egg-info/PKG-INFO
[0.825s] writing dependency_links to ../../build/tcp_package/tcp_package.egg-info/dependency_links.txt
[0.825s] writing entry points to ../../build/tcp_package/tcp_package.egg-info/entry_points.txt
[0.825s] writing requirements to ../../build/tcp_package/tcp_package.egg-info/requires.txt
[0.825s] writing top-level names to ../../build/tcp_package/tcp_package.egg-info/top_level.txt
[0.827s] reading manifest file '../../build/tcp_package/tcp_package.egg-info/SOURCES.txt'
[0.835s] writing manifest file '../../build/tcp_package/tcp_package.egg-info/SOURCES.txt'
[0.835s] running build
[0.836s] running build_py
[0.836s] copying tcp_package/tcp_deneme.py -> /home/yusuf/tcp/build/tcp_package/build/lib/tcp_package
[0.836s] running install
[0.836s] running install_lib
[0.838s] copying /home/yusuf/tcp/build/tcp_package/build/lib/tcp_package/tcp_deneme.py -> /home/yusuf/tcp/install/tcp_package/lib/python3.10/site-packages/tcp_package
[0.838s] byte-compiling /home/yusuf/tcp/install/tcp_package/lib/python3.10/site-packages/tcp_package/tcp_deneme.py to tcp_deneme.cpython-310.pyc
[0.839s] running install_data
[0.839s] running install_egg_info
[0.841s] removing '/home/yusuf/tcp/install/tcp_package/lib/python3.10/site-packages/tcp_package-0.0.0-py3.10.egg-info' (and everything under it)
[0.841s] Copying ../../build/tcp_package/tcp_package.egg-info to /home/yusuf/tcp/install/tcp_package/lib/python3.10/site-packages/tcp_package-0.0.0-py3.10.egg-info
[0.842s] running install_scripts
[0.859s] Installing tcp_node script to /home/yusuf/tcp/install/tcp_package/lib/tcp_package
[0.859s] Installing tcp_try script to /home/yusuf/tcp/install/tcp_package/lib/tcp_package
[0.860s] writing list of installed files to '/home/yusuf/tcp/build/tcp_package/install.log'
[0.882s] Invoked command in '/home/yusuf/tcp/src/tcp_package' returned '0': PYTHONPATH=/home/yusuf/tcp/build/tcp_package/prefix_override:/home/yusuf/tcp/install/tcp_package/lib/python3.10/site-packages:${PYTHONPATH} /usr/bin/python3 -W ignore:setup.py install is deprecated setup.py egg_info --egg-base ../../build/tcp_package build --build-base /home/yusuf/tcp/build/tcp_package/build install --record /home/yusuf/tcp/build/tcp_package/install.log --single-version-externally-managed install_data
