/home/yusuf/tcp/install/tcp_package/lib/python3.10/site-packages/tcp_package/tcp_deneme.py
/home/yusuf/tcp/install/tcp_package/lib/python3.10/site-packages/tcp_package/tcp_node.py
/home/yusuf/tcp/install/tcp_package/lib/python3.10/site-packages/tcp_package/tcp_deneme2.py
/home/yusuf/tcp/install/tcp_package/lib/python3.10/site-packages/tcp_package/__init__.py
/home/yusuf/tcp/install/tcp_package/lib/python3.10/site-packages/tcp_package/__pycache__/tcp_deneme.cpython-310.pyc
/home/yusuf/tcp/install/tcp_package/lib/python3.10/site-packages/tcp_package/__pycache__/tcp_node.cpython-310.pyc
/home/yusuf/tcp/install/tcp_package/lib/python3.10/site-packages/tcp_package/__pycache__/tcp_deneme2.cpython-310.pyc
/home/yusuf/tcp/install/tcp_package/lib/python3.10/site-packages/tcp_package/__pycache__/__init__.cpython-310.pyc
/home/yusuf/tcp/install/tcp_package/share/ament_index/resource_index/packages/tcp_package
/home/yusuf/tcp/install/tcp_package/share/tcp_package/package.xml
/home/yusuf/tcp/install/tcp_package/lib/python3.10/site-packages/tcp_package-0.0.0-py3.10.egg-info/requires.txt
/home/yusuf/tcp/install/tcp_package/lib/python3.10/site-packages/tcp_package-0.0.0-py3.10.egg-info/dependency_links.txt
/home/yusuf/tcp/install/tcp_package/lib/python3.10/site-packages/tcp_package-0.0.0-py3.10.egg-info/entry_points.txt
/home/yusuf/tcp/install/tcp_package/lib/python3.10/site-packages/tcp_package-0.0.0-py3.10.egg-info/zip-safe
/home/yusuf/tcp/install/tcp_package/lib/python3.10/site-packages/tcp_package-0.0.0-py3.10.egg-info/SOURCES.txt
/home/yusuf/tcp/install/tcp_package/lib/python3.10/site-packages/tcp_package-0.0.0-py3.10.egg-info/top_level.txt
/home/yusuf/tcp/install/tcp_package/lib/python3.10/site-packages/tcp_package-0.0.0-py3.10.egg-info/PKG-INFO
/home/yusuf/tcp/install/tcp_package/lib/tcp_package/tcp_node
/home/yusuf/tcp/install/tcp_package/lib/tcp_package/tcp_try
/home/yusuf/tcp/install/tcp_package/lib/tcp_package/tcp_try2
