[1.570s] Invoking command in '/home/yusuf/tcp/src/tcp_package': PYTHONPATH=/home/yusuf/tcp/build/tcp_package/prefix_override:/home/yusuf/tcp/install/tcp_package/lib/python3.10/site-packages:${PYTHONPATH} /usr/bin/python3 -W ignore:setup.py install is deprecated setup.py egg_info --egg-base ../../build/tcp_package build --build-base /home/yusuf/tcp/build/tcp_package/build install --record /home/yusuf/tcp/build/tcp_package/install.log --single-version-externally-managed install_data
[2.172s] running egg_info
[2.173s] writing ../../build/tcp_package/tcp_package.egg-info/PKG-INFO
[2.173s] writing dependency_links to ../../build/tcp_package/tcp_package.egg-info/dependency_links.txt
[2.174s] writing entry points to ../../build/tcp_package/tcp_package.egg-info/entry_points.txt
[2.174s] writing requirements to ../../build/tcp_package/tcp_package.egg-info/requires.txt
[2.174s] writing top-level names to ../../build/tcp_package/tcp_package.egg-info/top_level.txt
[2.178s] reading manifest file '../../build/tcp_package/tcp_package.egg-info/SOURCES.txt'
[2.183s] writing manifest file '../../build/tcp_package/tcp_package.egg-info/SOURCES.txt'
[2.184s] running build
[2.185s] running build_py
[2.186s] copying tcp_package/tcp_deneme2.py -> /home/yusuf/tcp/build/tcp_package/build/lib/tcp_package
[2.187s] running install
[2.188s] running install_lib
[2.191s] copying /home/yusuf/tcp/build/tcp_package/build/lib/tcp_package/tcp_deneme2.py -> /home/yusuf/tcp/install/tcp_package/lib/python3.10/site-packages/tcp_package
[2.194s] byte-compiling /home/yusuf/tcp/install/tcp_package/lib/python3.10/site-packages/tcp_package/tcp_deneme2.py to tcp_deneme2.cpython-310.pyc
[2.196s] running install_data
[2.197s] running install_egg_info
[2.201s] removing '/home/yusuf/tcp/install/tcp_package/lib/python3.10/site-packages/tcp_package-0.0.0-py3.10.egg-info' (and everything under it)
[2.201s] Copying ../../build/tcp_package/tcp_package.egg-info to /home/yusuf/tcp/install/tcp_package/lib/python3.10/site-packages/tcp_package-0.0.0-py3.10.egg-info
[2.202s] running install_scripts
[2.245s] Installing tcp_node script to /home/yusuf/tcp/install/tcp_package/lib/tcp_package
[2.245s] Installing tcp_try script to /home/yusuf/tcp/install/tcp_package/lib/tcp_package
[2.246s] Installing tcp_try2 script to /home/yusuf/tcp/install/tcp_package/lib/tcp_package
[2.246s] writing list of installed files to '/home/yusuf/tcp/build/tcp_package/install.log'
[2.322s] Invoked command in '/home/yusuf/tcp/src/tcp_package' returned '0': PYTHONPATH=/home/yusuf/tcp/build/tcp_package/prefix_override:/home/yusuf/tcp/install/tcp_package/lib/python3.10/site-packages:${PYTHONPATH} /usr/bin/python3 -W ignore:setup.py install is deprecated setup.py egg_info --egg-base ../../build/tcp_package build --build-base /home/yusuf/tcp/build/tcp_package/build install --record /home/yusuf/tcp/build/tcp_package/install.log --single-version-externally-managed install_data
