running egg_info
writing ../../build/tcp_package/tcp_package.egg-info/PKG-INFO
writing dependency_links to ../../build/tcp_package/tcp_package.egg-info/dependency_links.txt
writing entry points to ../../build/tcp_package/tcp_package.egg-info/entry_points.txt
writing requirements to ../../build/tcp_package/tcp_package.egg-info/requires.txt
writing top-level names to ../../build/tcp_package/tcp_package.egg-info/top_level.txt
reading manifest file '../../build/tcp_package/tcp_package.egg-info/SOURCES.txt'
writing manifest file '../../build/tcp_package/tcp_package.egg-info/SOURCES.txt'
running build
running build_py
running install
running install_lib
running install_data
copying package.xml -> /home/yusuf/tcp/install/tcp_package/share/tcp_package
running install_egg_info
removing '/home/yusuf/tcp/install/tcp_package/lib/python3.10/site-packages/tcp_package-0.0.0-py3.10.egg-info' (and everything under it)
Copying ../../build/tcp_package/tcp_package.egg-info to /home/yusuf/tcp/install/tcp_package/lib/python3.10/site-packages/tcp_package-0.0.0-py3.10.egg-info
running install_scripts
Installing tcp_node script to /home/yusuf/tcp/install/tcp_package/lib/tcp_package
Installing tcp_try script to /home/yusuf/tcp/install/tcp_package/lib/tcp_package
writing list of installed files to '/home/yusuf/tcp/build/tcp_package/install.log'
