running egg_info
creating ../../build/tcp_package/tcp_package.egg-info
writing ../../build/tcp_package/tcp_package.egg-info/PKG-INFO
writing dependency_links to ../../build/tcp_package/tcp_package.egg-info/dependency_links.txt
writing entry points to ../../build/tcp_package/tcp_package.egg-info/entry_points.txt
writing requirements to ../../build/tcp_package/tcp_package.egg-info/requires.txt
writing top-level names to ../../build/tcp_package/tcp_package.egg-info/top_level.txt
writing manifest file '../../build/tcp_package/tcp_package.egg-info/SOURCES.txt'
reading manifest file '../../build/tcp_package/tcp_package.egg-info/SOURCES.txt'
writing manifest file '../../build/tcp_package/tcp_package.egg-info/SOURCES.txt'
running build
running build_py
creating /home/yusuf/tcp/build/tcp_package/build
creating /home/yusuf/tcp/build/tcp_package/build/lib
creating /home/yusuf/tcp/build/tcp_package/build/lib/tcp_package
copying tcp_package/tcp_node.py -> /home/yusuf/tcp/build/tcp_package/build/lib/tcp_package
copying tcp_package/__init__.py -> /home/yusuf/tcp/build/tcp_package/build/lib/tcp_package
running install
running install_lib
creating /home/yusuf/tcp/install/tcp_package/lib/python3.10/site-packages/tcp_package
copying /home/yusuf/tcp/build/tcp_package/build/lib/tcp_package/tcp_node.py -> /home/yusuf/tcp/install/tcp_package/lib/python3.10/site-packages/tcp_package
copying /home/yusuf/tcp/build/tcp_package/build/lib/tcp_package/__init__.py -> /home/yusuf/tcp/install/tcp_package/lib/python3.10/site-packages/tcp_package
byte-compiling /home/yusuf/tcp/install/tcp_package/lib/python3.10/site-packages/tcp_package/tcp_node.py to tcp_node.cpython-310.pyc
byte-compiling /home/yusuf/tcp/install/tcp_package/lib/python3.10/site-packages/tcp_package/__init__.py to __init__.cpython-310.pyc
running install_data
creating /home/yusuf/tcp/install/tcp_package/share/ament_index
creating /home/yusuf/tcp/install/tcp_package/share/ament_index/resource_index
creating /home/yusuf/tcp/install/tcp_package/share/ament_index/resource_index/packages
copying resource/tcp_package -> /home/yusuf/tcp/install/tcp_package/share/ament_index/resource_index/packages
copying package.xml -> /home/yusuf/tcp/install/tcp_package/share/tcp_package
running install_egg_info
Copying ../../build/tcp_package/tcp_package.egg-info to /home/yusuf/tcp/install/tcp_package/lib/python3.10/site-packages/tcp_package-0.0.0-py3.10.egg-info
running install_scripts
Installing tcp_node script to /home/yusuf/tcp/install/tcp_package/lib/tcp_package
writing list of installed files to '/home/yusuf/tcp/build/tcp_package/install.log'
