[0.761s] Invoking command in '/home/yusuf/tcp/src/tcp_package': PYTHONPATH=/home/yusuf/tcp/build/tcp_package/prefix_override:/home/yusuf/tcp/install/tcp_package/lib/python3.10/site-packages:${PYTHONPATH} /usr/bin/python3 -W ignore:setup.py install is deprecated setup.py egg_info --egg-base ../../build/tcp_package build --build-base /home/yusuf/tcp/build/tcp_package/build install --record /home/yusuf/tcp/build/tcp_package/install.log --single-version-externally-managed install_data
[1.012s] running egg_info
[1.012s] creating ../../build/tcp_package/tcp_package.egg-info
[1.012s] writing ../../build/tcp_package/tcp_package.egg-info/PKG-INFO
[1.012s] writing dependency_links to ../../build/tcp_package/tcp_package.egg-info/dependency_links.txt
[1.012s] writing entry points to ../../build/tcp_package/tcp_package.egg-info/entry_points.txt
[1.013s] writing requirements to ../../build/tcp_package/tcp_package.egg-info/requires.txt
[1.013s] writing top-level names to ../../build/tcp_package/tcp_package.egg-info/top_level.txt
[1.013s] writing manifest file '../../build/tcp_package/tcp_package.egg-info/SOURCES.txt'
[1.015s] reading manifest file '../../build/tcp_package/tcp_package.egg-info/SOURCES.txt'
[1.015s] writing manifest file '../../build/tcp_package/tcp_package.egg-info/SOURCES.txt'
[1.016s] running build
[1.016s] running build_py
[1.016s] creating /home/yusuf/tcp/build/tcp_package/build
[1.016s] creating /home/yusuf/tcp/build/tcp_package/build/lib
[1.016s] creating /home/yusuf/tcp/build/tcp_package/build/lib/tcp_package
[1.016s] copying tcp_package/tcp_node.py -> /home/yusuf/tcp/build/tcp_package/build/lib/tcp_package
[1.016s] copying tcp_package/__init__.py -> /home/yusuf/tcp/build/tcp_package/build/lib/tcp_package
[1.016s] running install
[1.017s] running install_lib
[1.018s] creating /home/yusuf/tcp/install/tcp_package/lib/python3.10/site-packages/tcp_package
[1.018s] copying /home/yusuf/tcp/build/tcp_package/build/lib/tcp_package/tcp_node.py -> /home/yusuf/tcp/install/tcp_package/lib/python3.10/site-packages/tcp_package
[1.018s] copying /home/yusuf/tcp/build/tcp_package/build/lib/tcp_package/__init__.py -> /home/yusuf/tcp/install/tcp_package/lib/python3.10/site-packages/tcp_package
[1.019s] byte-compiling /home/yusuf/tcp/install/tcp_package/lib/python3.10/site-packages/tcp_package/tcp_node.py to tcp_node.cpython-310.pyc
[1.019s] byte-compiling /home/yusuf/tcp/install/tcp_package/lib/python3.10/site-packages/tcp_package/__init__.py to __init__.cpython-310.pyc
[1.019s] running install_data
[1.019s] creating /home/yusuf/tcp/install/tcp_package/share/ament_index
[1.019s] creating /home/yusuf/tcp/install/tcp_package/share/ament_index/resource_index
[1.019s] creating /home/yusuf/tcp/install/tcp_package/share/ament_index/resource_index/packages
[1.019s] copying resource/tcp_package -> /home/yusuf/tcp/install/tcp_package/share/ament_index/resource_index/packages
[1.019s] copying package.xml -> /home/yusuf/tcp/install/tcp_package/share/tcp_package
[1.020s] running install_egg_info
[1.022s] Copying ../../build/tcp_package/tcp_package.egg-info to /home/yusuf/tcp/install/tcp_package/lib/python3.10/site-packages/tcp_package-0.0.0-py3.10.egg-info
[1.023s] running install_scripts
[1.046s] Installing tcp_node script to /home/yusuf/tcp/install/tcp_package/lib/tcp_package
[1.046s] writing list of installed files to '/home/yusuf/tcp/build/tcp_package/install.log'
[1.073s] Invoked command in '/home/yusuf/tcp/src/tcp_package' returned '0': PYTHONPATH=/home/yusuf/tcp/build/tcp_package/prefix_override:/home/yusuf/tcp/install/tcp_package/lib/python3.10/site-packages:${PYTHONPATH} /usr/bin/python3 -W ignore:setup.py install is deprecated setup.py egg_info --egg-base ../../build/tcp_package build --build-base /home/yusuf/tcp/build/tcp_package/build install --record /home/yusuf/tcp/build/tcp_package/install.log --single-version-externally-managed install_data
